<?xml version="1.0" encoding="UTF-8"?>
<!-- Generated by org.testng.reporters.JUnitXMLReporter -->
<testsuite ignored="0" hostname="LTIN484829" failures="0" tests="24" name="EdgeTest" time="89.255" errors="0" timestamp="2024-10-30T10:47:15 IST">
  <testcase classname="TestCase.TS001_CarLoanTest" name="user_enteringValues_carLoan" time="3.142"/>
  <testcase classname="TestCase.TS002_HomeLoanTest" name="homeloan" time="0.593"/>
  <testcase classname="TestCase.TS002_HomeLoanTest" name="printing_the_table" time="3.892"/>
  <testcase classname="TestCase.TS003_UI_EMIcalculator" name="user_click_the_EMI_calculator_button" time="0.659"/>
  <testcase classname="TestCase.TS003_UI_EMIcalculator" name="user_validate_displayed_elements_of_EMI_Calculator" time="0.154"/>
  <testcase classname="TestCase.TS003_UI_EMIcalculator" name="user_validate_enabled_elements_of_EMI_Calculator" time="0.122"/>
  <testcase classname="TestCase.TS003_UI_EMIcalculator" name="user_validate_scale_change_for_loan_amount_textbox_and_slider" time="0.856"/>
  <testcase classname="TestCase.TS003_UI_EMIcalculator" name="user_validates_scale_change_for_fees_and_charges_textbox_and_slider" time="0.883"/>
  <testcase classname="TestCase.TS003_UI_EMIcalculator" name="user_validates_scale_change_for_interest_rate_textbox_and_slider" time="0.923"/>
  <testcase classname="TestCase.TS003_UI_EMIcalculator" name="user_validates_scale_change_for_loan_tenure_textbox_and_slider" time="0.867"/>
  <testcase classname="TestCase.TS003_UI_EMIcalculator" name="user_validates_year_and_month_option" time="0.105"/>
  <testcase classname="TestCase.TS004_UI_LoanAmountCalc" name="user_click_the_loan_amount_calculator_button" time="0.682"/>
  <testcase classname="TestCase.TS004_UI_LoanAmountCalc" name="user_validates_all_textboxes_are_displayed" time="0.283"/>
  <testcase classname="TestCase.TS004_UI_LoanAmountCalc" name="user_validates_all_textboxes_are_enabled" time="0.144"/>
  <testcase classname="TestCase.TS004_UI_LoanAmountCalc" name="user_validates_scale_change_for_fees_and_charges_textbox_and_slider" time="0.846"/>
  <testcase classname="TestCase.TS004_UI_LoanAmountCalc" name="user_validates_scale_change_for_interest_rate_textbox_and_slider" time="0.911"/>
  <testcase classname="TestCase.TS004_UI_LoanAmountCalc" name="user_validates_scale_change_for_loan_tenure_textbox_and_slider" time="0.94"/>
  <testcase classname="TestCase.TS004_UI_LoanAmountCalc" name="user_validates_year_and_month_option" time="0.066"/>
  <testcase classname="TestCase.TS005_UI_LoanTenureCalc" name="user_click_the_loan_tenure_calculator_button" time="0.56"/>
  <testcase classname="TestCase.TS005_UI_LoanTenureCalc" name="user_validate_displayed_elements_of_LoanTenure_Calculator" time="0.198"/>
  <testcase classname="TestCase.TS005_UI_LoanTenureCalc" name="user_validate_enabled_elements_of_LoanTenure_Calculator" time="0.124"/>
  <testcase classname="TestCase.TS005_UI_LoanTenureCalc" name="user_validate_scale_change_for_fees_and_charges_textbox_and_slider" time="0.887"/>
  <testcase classname="TestCase.TS005_UI_LoanTenureCalc" name="user_validate_scale_change_for_interest_rate_textbox_and_slider" time="0.862"/>
  <testcase classname="TestCase.TS005_UI_LoanTenureCalc" name="user_validate_scale_change_for_loan_amount_textbox_and_slider" time="0.964"/>
</testsuite> <!-- EdgeTest -->
