<?xml version="1.0" encoding="UTF-8"?>
<!-- Generated by org.testng.reporters.JUnitXMLReporter -->
<testsuite ignored="0" hostname="LTIN484829" failures="2" tests="24" name="EdgeTest" time="87.112" errors="0" timestamp="2024-10-30T11:40:21 IST">
  <testcase classname="TestCase.TS001_CarLoanTest" name="user_enteringValues_carLoan" time="2.907"/>
  <testcase classname="TestCase.TS002_HomeLoanTest" name="homeloan" time="0.001">
    <failure type="java.lang.NoClassDefFoundError" message="pageObject/HomeLoan">
      <![CDATA[java.lang.NoClassDefFoundError: pageObject/HomeLoan
at TestCase.TS002_HomeLoanTest.homeloan(TS002_HomeLoanTest.java:19)
at java.base/java.util.ArrayList.forEach(ArrayList.java:1597)
Caused by: java.lang.ClassNotFoundException: pageObject.HomeLoan
... 31 more
... Removed 29 stack frames]]>
    </failure>
  </testcase> <!-- homeloan -->
  <testcase classname="TestCase.TS002_HomeLoanTest" name="printing_the_table" time="0.001">
    <failure type="java.lang.NoClassDefFoundError" message="pageObject/HomeLoan">
      <![CDATA[java.lang.NoClassDefFoundError: pageObject/HomeLoan
at TestCase.TS002_HomeLoanTest.printing_the_table(TS002_HomeLoanTest.java:29)
at java.base/java.util.ArrayList.forEach(ArrayList.java:1597)
Caused by: java.lang.ClassNotFoundException: pageObject.HomeLoan
... 31 more
... Removed 29 stack frames]]>
    </failure>
  </testcase> <!-- printing_the_table -->
  <testcase classname="TestCase.TS003_UI_EMIcalculator" name="user_click_the_EMI_calculator_button" time="0.781"/>
  <testcase classname="TestCase.TS003_UI_EMIcalculator" name="user_validate_displayed_elements_of_EMI_Calculator" time="0.233"/>
  <testcase classname="TestCase.TS003_UI_EMIcalculator" name="user_validate_enabled_elements_of_EMI_Calculator" time="0.176"/>
  <testcase classname="TestCase.TS003_UI_EMIcalculator" name="user_validate_scale_change_for_loan_amount_textbox_and_slider" time="0.843"/>
  <testcase classname="TestCase.TS003_UI_EMIcalculator" name="user_validates_scale_change_for_fees_and_charges_textbox_and_slider" time="0.898"/>
  <testcase classname="TestCase.TS003_UI_EMIcalculator" name="user_validates_scale_change_for_interest_rate_textbox_and_slider" time="0.862"/>
  <testcase classname="TestCase.TS003_UI_EMIcalculator" name="user_validates_scale_change_for_loan_tenure_textbox_and_slider" time="1.059"/>
  <testcase classname="TestCase.TS003_UI_EMIcalculator" name="user_validates_year_and_month_option" time="0.085"/>
  <testcase classname="TestCase.TS004_UI_LoanAmountCalc" name="user_click_the_loan_amount_calculator_button" time="0.634"/>
  <testcase classname="TestCase.TS004_UI_LoanAmountCalc" name="user_validates_all_textboxes_are_displayed" time="0.234"/>
  <testcase classname="TestCase.TS004_UI_LoanAmountCalc" name="user_validates_all_textboxes_are_enabled" time="0.152"/>
  <testcase classname="TestCase.TS004_UI_LoanAmountCalc" name="user_validates_scale_change_for_fees_and_charges_textbox_and_slider" time="0.89"/>
  <testcase classname="TestCase.TS004_UI_LoanAmountCalc" name="user_validates_scale_change_for_interest_rate_textbox_and_slider" time="0.901"/>
  <testcase classname="TestCase.TS004_UI_LoanAmountCalc" name="user_validates_scale_change_for_loan_tenure_textbox_and_slider" time="0.915"/>
  <testcase classname="TestCase.TS004_UI_LoanAmountCalc" name="user_validates_year_and_month_option" time="0.062"/>
  <testcase classname="TestCase.TS005_UI_LoanTenureCalc" name="user_click_the_loan_tenure_calculator_button" time="0.765"/>
  <testcase classname="TestCase.TS005_UI_LoanTenureCalc" name="user_validate_displayed_elements_of_LoanTenure_Calculator" time="0.226"/>
  <testcase classname="TestCase.TS005_UI_LoanTenureCalc" name="user_validate_enabled_elements_of_LoanTenure_Calculator" time="0.169"/>
  <testcase classname="TestCase.TS005_UI_LoanTenureCalc" name="user_validate_scale_change_for_fees_and_charges_textbox_and_slider" time="0.872"/>
  <testcase classname="TestCase.TS005_UI_LoanTenureCalc" name="user_validate_scale_change_for_interest_rate_textbox_and_slider" time="0.866"/>
  <testcase classname="TestCase.TS005_UI_LoanTenureCalc" name="user_validate_scale_change_for_loan_amount_textbox_and_slider" time="0.967"/>
</testsuite> <!-- EdgeTest -->
