<?xml version="1.0" encoding="UTF-8"?>
<testng-results ignored="0" total="10" passed="10" failed="0" skipped="0">
  <reporter-output>
  </reporter-output>
  <suite started-at="2024-11-05T16:48:26 IST" name="Suite" finished-at="2024-11-05T16:49:32 IST" duration-ms="65429">
    <groups>
      <group name="regression">
        <method signature="TS001_CarLoanTest.user_enteringValues_carLoan()[pri:2, instance:TestCase.TS001_CarLoanTest@dc7df28]" name="user_enteringValues_carLoan" class="TestCase.TS001_CarLoanTest"/>
        <method signature="TS002_HomeLoanTest.homeloan()[pri:2, instance:TestCase.TS002_HomeLoanTest@25df00a0]" name="homeloan" class="TestCase.TS002_HomeLoanTest"/>
        <method signature="TS003_UI_EMIcalculator.user_validate_EMI_Calculator_functionality()[pri:2, instance:TestCase.TS003_UI_EMIcalculator@4d15107f]" name="user_validate_EMI_Calculator_functionality" class="TestCase.TS003_UI_EMIcalculator"/>
        <method signature="TS004_UI_LoanAmountCalc.user_validate_Loan_Amount_Calculator_functionality()[pri:2, instance:TestCase.TS004_UI_LoanAmountCalc@7b4c50bc]" name="user_validate_Loan_Amount_Calculator_functionality" class="TestCase.TS004_UI_LoanAmountCalc"/>
        <method signature="TS005_UI_LoanTenureCalc.user_validate_Loan_Tenure_Calculator_functionality()[pri:2, instance:TestCase.TS005_UI_LoanTenureCalc@5884a914]" name="user_validate_Loan_Tenure_Calculator_functionality" class="TestCase.TS005_UI_LoanTenureCalc"/>
      </group> <!-- regression -->
      <group name="smoke">
        <method signature="TS001_CarLoanTest.validate_carLoanPage()[pri:1, instance:TestCase.TS001_CarLoanTest@dc7df28]" name="validate_carLoanPage" class="TestCase.TS001_CarLoanTest"/>
        <method signature="TS002_HomeLoanTest.validate_HomeLoanPage()[pri:1, instance:TestCase.TS002_HomeLoanTest@25df00a0]" name="validate_HomeLoanPage" class="TestCase.TS002_HomeLoanTest"/>
        <method signature="TS003_UI_EMIcalculator.validate_EMICalPage()[pri:1, instance:TestCase.TS003_UI_EMIcalculator@4d15107f]" name="validate_EMICalPage" class="TestCase.TS003_UI_EMIcalculator"/>
        <method signature="TS004_UI_LoanAmountCalc.validate_EMICalPage()[pri:1, instance:TestCase.TS004_UI_LoanAmountCalc@7b4c50bc]" name="validate_EMICalPage" class="TestCase.TS004_UI_LoanAmountCalc"/>
        <method signature="TS005_UI_LoanTenureCalc.validate_EMICalPage()[pri:1, instance:TestCase.TS005_UI_LoanTenureCalc@5884a914]" name="validate_EMICalPage" class="TestCase.TS005_UI_LoanTenureCalc"/>
      </group> <!-- smoke -->
    </groups>
    <test started-at="2024-11-05T16:48:26 IST" name="ChromeTest" finished-at="2024-11-05T16:49:32 IST" duration-ms="65429">
      <class name="TestCase.TS005_UI_LoanTenureCalc">
        <test-method is-config="true" signature="setup(java.lang.String,java.lang.String)[pri:0, instance:TestCase.TS005_UI_LoanTenureCalc@5884a914]" started-at="2024-11-05T16:49:21 IST" name="setup" finished-at="2024-11-05T16:49:26 IST" duration-ms="4553" status="PASS">
          <params>
            <param index="0">
              <value>
                <![CDATA[Windows]]>
              </value>
            </param>
            <param index="1">
              <value>
                <![CDATA[chrome]]>
              </value>
            </param>
          </params>
          <reporter-output>
          </reporter-output>
        </test-method> <!-- setup -->
        <test-method signature="validate_EMICalPage()[pri:1, instance:TestCase.TS005_UI_LoanTenureCalc@5884a914]" started-at="2024-11-05T16:49:26 IST" name="validate_EMICalPage" finished-at="2024-11-05T16:49:26 IST" duration-ms="617" status="PASS">
          <reporter-output>
          </reporter-output>
        </test-method> <!-- validate_EMICalPage -->
        <test-method signature="user_validate_Loan_Tenure_Calculator_functionality()[pri:2, instance:TestCase.TS005_UI_LoanTenureCalc@5884a914]" started-at="2024-11-05T16:49:26 IST" name="user_validate_Loan_Tenure_Calculator_functionality" finished-at="2024-11-05T16:49:30 IST" duration-ms="3737" status="PASS">
          <reporter-output>
          </reporter-output>
        </test-method> <!-- user_validate_Loan_Tenure_Calculator_functionality -->
        <test-method is-config="true" signature="tearDown()[pri:0, instance:TestCase.TS005_UI_LoanTenureCalc@5884a914]" started-at="2024-11-05T16:49:30 IST" name="tearDown" finished-at="2024-11-05T16:49:32 IST" duration-ms="1819" status="PASS">
          <reporter-output>
          </reporter-output>
        </test-method> <!-- tearDown -->
      </class> <!-- TestCase.TS005_UI_LoanTenureCalc -->
      <class name="TestCase.TS003_UI_EMIcalculator">
        <test-method is-config="true" signature="setup(java.lang.String,java.lang.String)[pri:0, instance:TestCase.TS003_UI_EMIcalculator@4d15107f]" started-at="2024-11-05T16:48:59 IST" name="setup" finished-at="2024-11-05T16:49:03 IST" duration-ms="4436" status="PASS">
          <params>
            <param index="0">
              <value>
                <![CDATA[Windows]]>
              </value>
            </param>
            <param index="1">
              <value>
                <![CDATA[chrome]]>
              </value>
            </param>
          </params>
          <reporter-output>
          </reporter-output>
        </test-method> <!-- setup -->
        <test-method signature="validate_EMICalPage()[pri:1, instance:TestCase.TS003_UI_EMIcalculator@4d15107f]" started-at="2024-11-05T16:49:03 IST" name="validate_EMICalPage" finished-at="2024-11-05T16:49:04 IST" duration-ms="801" status="PASS">
          <reporter-output>
          </reporter-output>
        </test-method> <!-- validate_EMICalPage -->
        <test-method signature="user_validate_EMI_Calculator_functionality()[pri:2, instance:TestCase.TS003_UI_EMIcalculator@4d15107f]" started-at="2024-11-05T16:49:04 IST" name="user_validate_EMI_Calculator_functionality" finished-at="2024-11-05T16:49:08 IST" duration-ms="3890" status="PASS">
          <reporter-output>
          </reporter-output>
        </test-method> <!-- user_validate_EMI_Calculator_functionality -->
        <test-method is-config="true" signature="tearDown()[pri:0, instance:TestCase.TS003_UI_EMIcalculator@4d15107f]" started-at="2024-11-05T16:49:08 IST" name="tearDown" finished-at="2024-11-05T16:49:10 IST" duration-ms="2329" status="PASS">
          <reporter-output>
          </reporter-output>
        </test-method> <!-- tearDown -->
      </class> <!-- TestCase.TS003_UI_EMIcalculator -->
      <class name="TestCase.TS002_HomeLoanTest">
        <test-method is-config="true" signature="setup(java.lang.String,java.lang.String)[pri:0, instance:TestCase.TS002_HomeLoanTest@25df00a0]" started-at="2024-11-05T16:48:48 IST" name="setup" finished-at="2024-11-05T16:48:52 IST" duration-ms="4220" status="PASS">
          <params>
            <param index="0">
              <value>
                <![CDATA[Windows]]>
              </value>
            </param>
            <param index="1">
              <value>
                <![CDATA[chrome]]>
              </value>
            </param>
          </params>
          <reporter-output>
          </reporter-output>
        </test-method> <!-- setup -->
        <test-method signature="validate_HomeLoanPage()[pri:1, instance:TestCase.TS002_HomeLoanTest@25df00a0]" started-at="2024-11-05T16:48:52 IST" name="validate_HomeLoanPage" finished-at="2024-11-05T16:48:53 IST" duration-ms="901" status="PASS">
          <reporter-output>
          </reporter-output>
        </test-method> <!-- validate_HomeLoanPage -->
        <test-method signature="homeloan()[pri:2, instance:TestCase.TS002_HomeLoanTest@25df00a0]" started-at="2024-11-05T16:48:53 IST" name="homeloan" finished-at="2024-11-05T16:48:57 IST" duration-ms="3794" status="PASS">
          <reporter-output>
          </reporter-output>
        </test-method> <!-- homeloan -->
        <test-method is-config="true" signature="tearDown()[pri:0, instance:TestCase.TS002_HomeLoanTest@25df00a0]" started-at="2024-11-05T16:48:57 IST" name="tearDown" finished-at="2024-11-05T16:48:59 IST" duration-ms="1796" status="PASS">
          <reporter-output>
          </reporter-output>
        </test-method> <!-- tearDown -->
      </class> <!-- TestCase.TS002_HomeLoanTest -->
      <class name="TestCase.TS001_CarLoanTest">
        <test-method is-config="true" signature="setup(java.lang.String,java.lang.String)[pri:0, instance:TestCase.TS001_CarLoanTest@dc7df28]" started-at="2024-11-05T16:48:26 IST" name="setup" finished-at="2024-11-05T16:48:43 IST" duration-ms="16460" status="PASS">
          <params>
            <param index="0">
              <value>
                <![CDATA[Windows]]>
              </value>
            </param>
            <param index="1">
              <value>
                <![CDATA[chrome]]>
              </value>
            </param>
          </params>
          <reporter-output>
          </reporter-output>
        </test-method> <!-- setup -->
        <test-method signature="validate_carLoanPage()[pri:1, instance:TestCase.TS001_CarLoanTest@dc7df28]" started-at="2024-11-05T16:48:43 IST" name="validate_carLoanPage" finished-at="2024-11-05T16:48:43 IST" duration-ms="517" status="PASS">
          <reporter-output>
          </reporter-output>
        </test-method> <!-- validate_carLoanPage -->
        <test-method signature="user_enteringValues_carLoan()[pri:2, instance:TestCase.TS001_CarLoanTest@dc7df28]" started-at="2024-11-05T16:48:43 IST" name="user_enteringValues_carLoan" finished-at="2024-11-05T16:48:46 IST" duration-ms="2962" status="PASS">
          <reporter-output>
          </reporter-output>
        </test-method> <!-- user_enteringValues_carLoan -->
        <test-method is-config="true" signature="tearDown()[pri:0, instance:TestCase.TS001_CarLoanTest@dc7df28]" started-at="2024-11-05T16:48:46 IST" name="tearDown" finished-at="2024-11-05T16:48:48 IST" duration-ms="1906" status="PASS">
          <reporter-output>
          </reporter-output>
        </test-method> <!-- tearDown -->
      </class> <!-- TestCase.TS001_CarLoanTest -->
      <class name="TestCase.TS004_UI_LoanAmountCalc">
        <test-method is-config="true" signature="setup(java.lang.String,java.lang.String)[pri:0, instance:TestCase.TS004_UI_LoanAmountCalc@7b4c50bc]" started-at="2024-11-05T16:49:10 IST" name="setup" finished-at="2024-11-05T16:49:15 IST" duration-ms="4668" status="PASS">
          <params>
            <param index="0">
              <value>
                <![CDATA[Windows]]>
              </value>
            </param>
            <param index="1">
              <value>
                <![CDATA[chrome]]>
              </value>
            </param>
          </params>
          <reporter-output>
          </reporter-output>
        </test-method> <!-- setup -->
        <test-method signature="validate_EMICalPage()[pri:1, instance:TestCase.TS004_UI_LoanAmountCalc@7b4c50bc]" started-at="2024-11-05T16:49:15 IST" name="validate_EMICalPage" finished-at="2024-11-05T16:49:16 IST" duration-ms="706" status="PASS">
          <reporter-output>
          </reporter-output>
        </test-method> <!-- validate_EMICalPage -->
        <test-method signature="user_validate_Loan_Amount_Calculator_functionality()[pri:2, instance:TestCase.TS004_UI_LoanAmountCalc@7b4c50bc]" started-at="2024-11-05T16:49:16 IST" name="user_validate_Loan_Amount_Calculator_functionality" finished-at="2024-11-05T16:49:19 IST" duration-ms="3579" status="PASS">
          <reporter-output>
          </reporter-output>
        </test-method> <!-- user_validate_Loan_Amount_Calculator_functionality -->
        <test-method is-config="true" signature="tearDown()[pri:0, instance:TestCase.TS004_UI_LoanAmountCalc@7b4c50bc]" started-at="2024-11-05T16:49:19 IST" name="tearDown" finished-at="2024-11-05T16:49:21 IST" duration-ms="1679" status="PASS">
          <reporter-output>
          </reporter-output>
        </test-method> <!-- tearDown -->
      </class> <!-- TestCase.TS004_UI_LoanAmountCalc -->
    </test> <!-- ChromeTest -->
  </suite> <!-- Suite -->
</testng-results>
